# JRE version: Java(TM) SE Runtime Environment (25.0+37) (build 25+37-LTS-3491)
# Java VM: Java HotSpot(TM) 64-Bit Server VM (25+37-LTS-3491, mixed mode, sharing, tiered, compressed oops, compressed class ptrs, g1 gc, windows-amd64)
GC Precious Log:
 CardTable entry size: 512
 Card Set container configuration: InlinePtr #cards 5 size 8 Array Of Cards #cards 10 size 36 Howl #buckets 4 coarsen threshold 1843 Howl Bitmap #cards 512 size 80 coarsen threshold 460 Card regions per heap region 1 cards per card region 2048
 CPUs: 4 total, 4 available
 Memory: 3835M
 Large Page Support: Disabled
 NUMA Support: Disabled
 Compressed Oops: Enabled (32-bit)
 Heap Region Size: 1M
 Heap Min Capacity: 8M
 Heap Initial Capacity: 60M
 Heap Max Capacity: 960M
 Pre-touch: Disabled
 Parallel Workers: 4
 Concurrent Workers: 1
 Concurrent Refinement Workers: 4
 Periodic GC: Disabled
Heap:
 garbage-first heap   total reserved 983040K, committed 63488K, used 46452K [0x00000000c4000000, 0x0000000100000000)
  region size 1024K, 25 young (25600K), 3 survivors (3072K)
GC Heap Usage History (14 events):
Event: 1.338 {heap Before GC invocations=0 (full 0):
 garbage-first heap   total reserved 983040K, committed 63488K, used 29845K [0x00000000c4000000, 0x0000000100000000)
  region size 1024K, 28 young (28672K), 0 survivors (0K)
}
Event: 1.344 {heap After GC invocations=1 (full 0):
 garbage-first heap   total reserved 983040K, committed 63488K, used 4501K [0x00000000c4000000, 0x0000000100000000)
  region size 1024K, 4 young (4096K), 4 survivors (4096K)
}
Event: 2.104 {heap Before GC invocations=1 (full 0):
 garbage-first heap   total reserved 983040K, committed 63488K, used 30101K [0x00000000c4000000, 0x0000000100000000)
  region size 1024K, 29 young (29696K), 4 survivors (4096K)
}
Event: 2.110 {heap After GC invocations=2 (full 0):
 garbage-first heap   total reserved 983040K, committed 63488K, used 6576K [0x00000000c4000000, 0x0000000100000000)
  region size 1024K, 3 young (3072K), 3 survivors (3072K)
}
Event: 3.777 {heap Before GC invocations=2 (full 0):
 garbage-first heap   total reserved 983040K, committed 63488K, used 36272K [0x00000000c4000000, 0x0000000100000000)
  region size 1024K, 33 young (33792K), 3 survivors (3072K)
}
Event: 3.785 {heap After GC invocations=3 (full 0):
 garbage-first heap   total reserved 983040K, committed 63488K, used 9201K [0x00000000c4000000, 0x0000000100000000)
  region size 1024K, 5 young (5120K), 5 survivors (5120K)
}
Event: 5.796 {heap Before GC invocations=3 (full 0):
 garbage-first heap   total reserved 983040K, committed 63488K, used 40945K [0x00000000c4000000, 0x0000000100000000)
  region size 1024K, 36 young (36864K), 5 survivors (5120K)
}
Event: 5.804 {heap After GC invocations=4 (full 0):
 garbage-first heap   total reserved 983040K, committed 63488K, used 12227K [0x00000000c4000000, 0x0000000100000000)
  region size 1024K, 3 young (3072K), 3 survivors (3072K)
}
Event: 6.072 {heap Before GC invocations=4 (full 0):
 garbage-first heap   total reserved 983040K, committed 63488K, used 29635K [0x00000000c4000000, 0x0000000100000000)
  region size 1024K, 15 young (15360K), 3 survivors (3072K)
}
Event: 6.080 {heap After GC invocations=5 (full 0):
 garbage-first heap   total reserved 983040K, committed 63488K, used 22677K [0x00000000c4000000, 0x0000000100000000)
  region size 1024K, 5 young (5120K), 5 survivors (5120K)
}
Event: 6.689 {heap Before GC invocations=6 (full 0):
 garbage-first heap   total reserved 983040K, committed 63488K, used 51349K [0x00000000c4000000, 0x0000000100000000)
  region size 1024K, 30 young (30720K), 5 survivors (5120K)
}
Event: 6.700 {heap After GC invocations=7 (full 0):
 garbage-first heap   total reserved 983040K, committed 63488K, used 28199K [0x00000000c4000000, 0x0000000100000000)
  region size 1024K, 3 young (3072K), 3 survivors (3072K)
}
Event: 8.329 {heap Before GC invocations=7 (full 0):
 garbage-first heap   total reserved 983040K, committed 63488K, used 50727K [0x00000000c4000000, 0x0000000100000000)
  region size 1024K, 25 young (25600K), 3 survivors (3072K)
}
Event: 8.333 {heap After GC invocations=8 (full 0):
 garbage-first heap   total reserved 983040K, committed 63488K, used 25972K [0x00000000c4000000, 0x0000000100000000)
  region size 1024K, 3 young (3072K), 3 survivors (3072K)
}

